Logfile initialized
[INFO] logfile = C:\Users\Jms\Documents\Titanium_Studio_Workspace\Mercado\build.log
[DEBUG] C:\Users\Jms\AppData\Roaming\Titanium\mobilesdk\win32\2.1.2.GA\android\builder.py simulator Mercado C:\Users\Jms\AppData\Local\Android\android-sdk\ C:\Users\Jms\Documents\Titanium_Studio_Workspace\Mercado com.ernestoascencio.dev 4 WVGA800
[INFO] Building Mercado for Android ... one moment
[INFO] Titanium SDK version: 2.1.2 (08/24/12 14:46 ed7f777)
[DEBUG] Waiting for device to be ready ...
[TRACE] adb devices returned 1 devices/emulators
[TRACE] adb devices returned 2 devices/emulators
[TRACE] adb devices returned 2 devices/emulators
[TRACE] adb devices returned 2 devices/emulators
[TRACE] adb devices returned 2 devices/emulators
[TRACE] adb devices returned 2 devices/emulators
[TRACE] adb devices returned 2 devices/emulators
[TRACE] adb devices returned 1 devices/emulators
[TRACE] adb devices returned 1 devices/emulators
[DEBUG] Android classes.dex built
[DEBUG] creating unsigned apk: C:\Users\Jms\Documents\Titanium_Studio_Workspace\Mercado\build\android\bin\app-unsigned.apk
[DEBUG] from resource zip => assets/Resources/images/KS_nav_geo.png
[DEBUG] from resource zip => assets/Resources/images/KS_nav_ui.png
[DEBUG] from resource zip => assets/Resources/images/KS_nav_views.png
[DEBUG] from resource zip => assets/Resources/images/backmap.png
[DEBUG] from resource zip => assets/Resources/images/backrow.png
[DEBUG] from resource zip => assets/Resources/images/ic_menu_add.png
[DEBUG] from resource zip => assets/Resources/images/ic_menu_cog.png
[DEBUG] from resource zip => assets/Resources/images/ic_menu_comment.png
[DEBUG] from resource zip => assets/Resources/images/ic_menu_credit.png
[DEBUG] from resource zip => assets/Resources/images/logoMobilitikaSmall.png
[DEBUG] from resource zip => assets/Resources/images/mercado.png
[DEBUG] from resource zip => assets/Resources/ui/addWindow.js
[DEBUG] from resource zip => assets/Resources/ui/appTabGroup.js
[DEBUG] from resource zip => assets/Resources/ui/delete_menuListWindow.js
[DEBUG] from resource zip => assets/Resources/ui/delete_stores.js
[DEBUG] from resource zip => assets/Resources/ui/listWindow.js
[DEBUG] from resource zip => assets/Resources/ui/preloadItems.js
[DEBUG] from resource zip => assets/Resources/app.js
[DEBUG] from resource zip => assets/Resources/appicon.png
[DEBUG] from resource zip => assets/Resources/db.js
[DEBUG] from resource zip => assets/Resources/default.png
[DEBUG] from resource zip => assets/Resources/mercado.sqlite
[DEBUG] from resource zip => assets/Resources/ti.cloud.js
[DEBUG] from resource zip => assets/app.json
[DEBUG] from resource zip => assets/index.json
[DEBUG] from resource zip => assets/tiapp.xml
[DEBUG] from resource zip => res/drawable/appicon.png
[DEBUG] from resource zip => res/drawable/background.png
[DEBUG] from resource zip => res/drawable/mercado.png
[DEBUG] from resource zip => res/layout/titanium_tabgroup.xml
[DEBUG] from resource zip => res/xml/dev_preferences.xml
[DEBUG] from resource zip => res/xml/preferences.xml
[DEBUG] from resource zip => AndroidManifest.xml
[DEBUG] from resource zip => resources.arsc
[DEBUG] from resource zip => res/drawable-long-land-hdpi/background.png
[DEBUG] from resource zip => res/drawable-long-land-ldpi/background.png
[DEBUG] from resource zip => res/drawable-long-port-hdpi/background.png
[DEBUG] from resource zip => res/drawable-long-port-ldpi/background.png
[DEBUG] from resource zip => res/drawable-notlong-land-hdpi/background.png
[DEBUG] from resource zip => res/drawable-notlong-land-ldpi/background.png
[DEBUG] from resource zip => res/drawable-notlong-land-mdpi/background.png
[DEBUG] from resource zip => res/drawable-notlong-port-hdpi/background.png
[DEBUG] from resource zip => res/drawable-notlong-port-ldpi/background.png
[DEBUG] from resource zip => res/drawable-notlong-port-mdpi/background.png
[TRACE] adb devices returned 1 devices/emulators
[DEBUG] from JAR C:\Users\Jms\AppData\Roaming\Titanium\mobilesdk\win32\2.1.2.GA\android\js.jar => org/mozilla/javascript/resources/Messages.properties
[DEBUG] from JAR C:\Users\Jms\AppData\Roaming\Titanium\mobilesdk\win32\2.1.2.GA\android\js.jar => org/mozilla/javascript/resources/Messages_fr.properties
[DEBUG] from JAR C:\Users\Jms\AppData\Roaming\Titanium\mobilesdk\win32\2.1.2.GA\android\js.jar => org/mozilla/javascript/tools/resources/Messages.properties
[DEBUG] from JAR C:\Users\Jms\AppData\Roaming\Titanium\mobilesdk\win32\2.1.2.GA\android\titanium.jar => org/appcelerator/titanium/build.properties
[DEBUG] from JAR C:\Users\Jms\AppData\Roaming\Titanium\mobilesdk\win32\2.1.2.GA\android\titanium.jar => org/appcelerator/titanium/res/drawable/background.png
[DEBUG] from JAR C:\Users\Jms\AppData\Roaming\Titanium\mobilesdk\win32\2.1.2.GA\android\titanium.jar => org/appcelerator/titanium/res/drawable/btn_check_buttonless_on.png
[DEBUG] from JAR C:\Users\Jms\AppData\Roaming\Titanium\mobilesdk\win32\2.1.2.GA\android\titanium.jar => org/appcelerator/titanium/res/drawable/btn_check_buttonless_on_18.png
[DEBUG] from JAR C:\Users\Jms\AppData\Roaming\Titanium\mobilesdk\win32\2.1.2.GA\android\titanium.jar => org/appcelerator/titanium/res/drawable/btn_check_buttonless_on_48.png
[DEBUG] from JAR C:\Users\Jms\AppData\Roaming\Titanium\mobilesdk\win32\2.1.2.GA\android\titanium.jar => org/appcelerator/titanium/res/drawable/btn_more.png
[DEBUG] from JAR C:\Users\Jms\AppData\Roaming\Titanium\mobilesdk\win32\2.1.2.GA\android\titanium.jar => org/appcelerator/titanium/res/drawable/btn_more_18.png
[DEBUG] from JAR C:\Users\Jms\AppData\Roaming\Titanium\mobilesdk\win32\2.1.2.GA\android\titanium.jar => org/appcelerator/titanium/res/drawable/btn_more_48.png
[DEBUG] from JAR C:\Users\Jms\AppData\Roaming\Titanium\mobilesdk\win32\2.1.2.GA\android\titanium.jar => org/appcelerator/titanium/res/drawable/btn_picker_normal.9.png
[DEBUG] from JAR C:\Users\Jms\AppData\Roaming\Titanium\mobilesdk\win32\2.1.2.GA\android\titanium.jar => org/appcelerator/titanium/res/drawable/btn_picker_pressed.9.png
[DEBUG] from JAR C:\Users\Jms\AppData\Roaming\Titanium\mobilesdk\win32\2.1.2.GA\android\titanium.jar => org/appcelerator/titanium/res/drawable/btn_picker_selected.9.png
[DEBUG] from JAR C:\Users\Jms\AppData\Roaming\Titanium\mobilesdk\win32\2.1.2.GA\android\titanium.jar => org/appcelerator/titanium/res/drawable/default_icon.png
[DEBUG] from JAR C:\Users\Jms\AppData\Roaming\Titanium\mobilesdk\win32\2.1.2.GA\android\titanium.jar => org/appcelerator/titanium/res/drawable/photoDefault.png
[DEBUG] from JAR C:\Users\Jms\AppData\Roaming\Titanium\mobilesdk\win32\2.1.2.GA\android\thirdparty.jar => org/apache/Commons-NOTICE.txt
[DEBUG] from JAR C:\Users\Jms\AppData\Roaming\Titanium\mobilesdk\win32\2.1.2.GA\android\thirdparty.jar => org/apache/HttpComponents-NOTICE.txt
[DEBUG] from JAR C:\Users\Jms\AppData\Roaming\Titanium\mobilesdk\win32\2.1.2.GA\android\thirdparty.jar => org/apache/mime4j-NOTICE.txt
[DEBUG] from JAR C:\Users\Jms\AppData\Roaming\Titanium\mobilesdk\win32\2.1.2.GA\android\modules\titanium-ui.jar => ti/modules/titanium/ui/widget/webview/binding.js
[DEBUG] from JAR C:\Users\Jms\AppData\Roaming\Titanium\mobilesdk\win32\2.1.2.GA\android\modules\titanium-ui.jar => ti/modules/titanium/ui/widget/webview/binding.min.js
[DEBUG] from JAR C:\Users\Jms\AppData\Roaming\Titanium\mobilesdk\win32\2.1.2.GA\android\modules\titanium-ui.jar => ti/modules/titanium/ui/widget/webview/json2.js
[DEBUG] from JAR C:\Users\Jms\AppData\Roaming\Titanium\mobilesdk\win32\2.1.2.GA\android\modules\titanium-ui.jar => ti/modules/titanium/ui/widget/webview/polling.js
[DEBUG] from JAR C:\Users\Jms\AppData\Roaming\Titanium\mobilesdk\win32\2.1.2.GA\android\modules\titanium-ui.jar => ti/modules/titanium/ui/widget/webview/polling.min.js
[DEBUG] installing native SDK libs
[DEBUG] Waiting for device to be ready ...
[TRACE] adb devices returned 1 devices/emulators
[DEBUG] Device connected... (waited 0 seconds)
[DEBUG] waited 0.031000 seconds on emulator to get ready
[INFO] Installing application on device
[TRACE] adb devices returned 1 devices/emulators
[TRACE] adb devices returned 1 devices/emulators
[INFO] Application installed. Launch from drawer on Home Screen
[TRACE] adb devices returned 1 devices/emulators
[TRACE] adb devices returned 1 devices/emulators
[TRACE] adb devices returned 1 devices/emulators
[TRACE] adb devices returned 1 devices/emulators
[TRACE] adb devices returned 1 devices/emulators
[TRACE] adb devices returned 1 devices/emulators
[TRACE] adb devices returned 1 devices/emulators
[TRACE] adb devices returned 1 devices/emulators
[TRACE] adb devices returned 1 devices/emulators
[TRACE] adb devices returned 1 devices/emulators
[TRACE] adb devices returned 1 devices/emulators
[TRACE] adb devices returned 1 devices/emulators
[TRACE] adb devices returned 1 devices/emulators
[TRACE] adb devices returned 1 devices/emulators
[TRACE] adb devices returned 1 devices/emulators
[TRACE] adb devices returned 1 devices/emulators
[TRACE] adb devices returned 1 devices/emulators
[TRACE] adb devices returned 1 devices/emulators
[ERROR] Timed out waiting for emulator to be ready, you may need to close the emulator and try again
[DEBUG] com.ernestoascencio.dev installed? False
[INFO] Fastdev server running, deploying in Fastdev mode
[INFO] Copying CommonJS modules...
[INFO] Copying project resources..
[TRACE] Generating Java Classes
[DEBUG] Processing Android resource drawables
[DEBUG] found special platform files dir = C:\Users\Jms\Documents\Titanium_Studio_Workspace\Mercado\platform\android
[INFO] Copying platform-specific files ...
[DEBUG] copying app icon: C:\Users\Jms\Documents\Titanium_Studio_Workspace\Mercado\build\android\bin\assets\Resources\appicon.png
[DEBUG] generating theme.xml
[DEBUG] found drawable-long-land-hdpi splash screen at C:\Users\Jms\Documents\Titanium_Studio_Workspace\Mercado\Resources\android\images\res-long-land-hdpi\default.png
[DEBUG] copying C:\Users\Jms\Documents\Titanium_Studio_Workspace\Mercado\Resources\android\images\res-long-land-hdpi\default.png splash screen to C:\Users\Jms\Documents\Titanium_Studio_Workspace\Mercado\build\android\res\drawable-long-land-hdpi\background.png
[DEBUG] found drawable-long-land-ldpi splash screen at C:\Users\Jms\Documents\Titanium_Studio_Workspace\Mercado\Resources\android\images\res-long-land-ldpi\default.png
[DEBUG] copying C:\Users\Jms\Documents\Titanium_Studio_Workspace\Mercado\Resources\android\images\res-long-land-ldpi\default.png splash screen to C:\Users\Jms\Documents\Titanium_Studio_Workspace\Mercado\build\android\res\drawable-long-land-ldpi\background.png
[DEBUG] found drawable-long-port-hdpi splash screen at C:\Users\Jms\Documents\Titanium_Studio_Workspace\Mercado\Resources\android\images\res-long-port-hdpi\default.png
[DEBUG] copying C:\Users\Jms\Documents\Titanium_Studio_Workspace\Mercado\Resources\android\images\res-long-port-hdpi\default.png splash screen to C:\Users\Jms\Documents\Titanium_Studio_Workspace\Mercado\build\android\res\drawable-long-port-hdpi\background.png
[DEBUG] found drawable-long-port-ldpi splash screen at C:\Users\Jms\Documents\Titanium_Studio_Workspace\Mercado\Resources\android\images\res-long-port-ldpi\default.png
[DEBUG] copying C:\Users\Jms\Documents\Titanium_Studio_Workspace\Mercado\Resources\android\images\res-long-port-ldpi\default.png splash screen to C:\Users\Jms\Documents\Titanium_Studio_Workspace\Mercado\build\android\res\drawable-long-port-ldpi\background.png
[DEBUG] found drawable-notlong-land-hdpi splash screen at C:\Users\Jms\Documents\Titanium_Studio_Workspace\Mercado\Resources\android\images\res-notlong-land-hdpi\default.png
[DEBUG] copying C:\Users\Jms\Documents\Titanium_Studio_Workspace\Mercado\Resources\android\images\res-notlong-land-hdpi\default.png splash screen to C:\Users\Jms\Documents\Titanium_Studio_Workspace\Mercado\build\android\res\drawable-notlong-land-hdpi\background.png
[DEBUG] found drawable-notlong-land-ldpi splash screen at C:\Users\Jms\Documents\Titanium_Studio_Workspace\Mercado\Resources\android\images\res-notlong-land-ldpi\default.png
[DEBUG] copying C:\Users\Jms\Documents\Titanium_Studio_Workspace\Mercado\Resources\android\images\res-notlong-land-ldpi\default.png splash screen to C:\Users\Jms\Documents\Titanium_Studio_Workspace\Mercado\build\android\res\drawable-notlong-land-ldpi\background.png
[DEBUG] found drawable-notlong-land-mdpi splash screen at C:\Users\Jms\Documents\Titanium_Studio_Workspace\Mercado\Resources\android\images\res-notlong-land-mdpi\default.png
[DEBUG] copying C:\Users\Jms\Documents\Titanium_Studio_Workspace\Mercado\Resources\android\images\res-notlong-land-mdpi\default.png splash screen to C:\Users\Jms\Documents\Titanium_Studio_Workspace\Mercado\build\android\res\drawable-notlong-land-mdpi\background.png
[DEBUG] found drawable-notlong-port-hdpi splash screen at C:\Users\Jms\Documents\Titanium_Studio_Workspace\Mercado\Resources\android\images\res-notlong-port-hdpi\default.png
[DEBUG] copying C:\Users\Jms\Documents\Titanium_Studio_Workspace\Mercado\Resources\android\images\res-notlong-port-hdpi\default.png splash screen to C:\Users\Jms\Documents\Titanium_Studio_Workspace\Mercado\build\android\res\drawable-notlong-port-hdpi\background.png
[DEBUG] found drawable-notlong-port-ldpi splash screen at C:\Users\Jms\Documents\Titanium_Studio_Workspace\Mercado\Resources\android\images\res-notlong-port-ldpi\default.png
[DEBUG] copying C:\Users\Jms\Documents\Titanium_Studio_Workspace\Mercado\Resources\android\images\res-notlong-port-ldpi\default.png splash screen to C:\Users\Jms\Documents\Titanium_Studio_Workspace\Mercado\build\android\res\drawable-notlong-port-ldpi\background.png
[DEBUG] found drawable-notlong-port-mdpi splash screen at C:\Users\Jms\Documents\Titanium_Studio_Workspace\Mercado\Resources\android\images\res-notlong-port-mdpi\default.png
[DEBUG] copying C:\Users\Jms\Documents\Titanium_Studio_Workspace\Mercado\Resources\android\images\res-notlong-port-mdpi\default.png splash screen to C:\Users\Jms\Documents\Titanium_Studio_Workspace\Mercado\build\android\res\drawable-notlong-port-mdpi\background.png
[DEBUG] found splash screen at C:\Users\Jms\Documents\Titanium_Studio_Workspace\Mercado\build\android\bin\assets\Resources\default.png
[TRACE] Writing out AndroidManifest.xml
[DEBUG] adding C:\Users\Jms\Documents\Titanium_Studio_Workspace\Mercado\build\android\gen\com\ernestoascencio\dev\MercadoActivity.java to javac build list
[DEBUG] adding C:\Users\Jms\Documents\Titanium_Studio_Workspace\Mercado\build\android\gen\com\ernestoascencio\dev\MercadoAppInfo.java to javac build list
[DEBUG] adding C:\Users\Jms\Documents\Titanium_Studio_Workspace\Mercado\build\android\gen\com\ernestoascencio\dev\MercadoApplication.java to javac build list
[DEBUG] adding C:\Users\Jms\Documents\Titanium_Studio_Workspace\Mercado\build\android\gen\com\ernestoascencio\dev\R.java to javac build list
[DEBUG] Building Java Sources: "C:\\Users\\Jms\\Documents\\Titanium_Studio_Workspace\\Mercado\\build\\android\\gen\\com\\ernestoascencio\\dev\\MercadoActivity.java" "C:\\Users\\Jms\\Documents\\Titanium_Studio_Workspace\\Mercado\\build\\android\\gen\\com\\ernestoascencio\\dev\\MercadoAppInfo.java" "C:\\Users\\Jms\\Documents\\Titanium_Studio_Workspace\\Mercado\\build\\android\\gen\\com\\ernestoascencio\\dev\\MercadoApplication.java" "C:\\Users\\Jms\\Documents\\Titanium_Studio_Workspace\\Mercado\\build\\android\\gen\\com\\ernestoascencio\\dev\\R.java"
[INFO] Waiting for SDCard to become available..
[ERROR] Error checking for SDCard using 'mount'
[INFO] Compiling Android Resources... This could take some time
[DEBUG] Android classes.dex built
[DEBUG] creating unsigned apk: C:\Users\Jms\Documents\Titanium_Studio_Workspace\Mercado\build\android\bin\app-unsigned.apk
[DEBUG] from resource zip => assets/Resources/images/KS_nav_geo.png
[DEBUG] from resource zip => assets/Resources/images/KS_nav_ui.png
[DEBUG] from resource zip => assets/Resources/images/KS_nav_views.png
[DEBUG] from resource zip => assets/Resources/images/backmap.png
[DEBUG] from resource zip => assets/Resources/images/backrow.png
[DEBUG] from resource zip => assets/Resources/images/ic_menu_add.png
[DEBUG] from resource zip => assets/Resources/images/ic_menu_cog.png
[DEBUG] from resource zip => assets/Resources/images/ic_menu_comment.png
[DEBUG] from resource zip => assets/Resources/images/ic_menu_credit.png
[DEBUG] from resource zip => assets/Resources/images/logoMobilitikaSmall.png
[DEBUG] from resource zip => assets/Resources/images/mercado.png
[DEBUG] from resource zip => assets/Resources/ui/addWindow.js
[DEBUG] from resource zip => assets/Resources/ui/appTabGroup.js
[DEBUG] from resource zip => assets/Resources/ui/delete_menuListWindow.js
[DEBUG] from resource zip => assets/Resources/ui/delete_stores.js
[DEBUG] from resource zip => assets/Resources/ui/listWindow.js
[DEBUG] from resource zip => assets/Resources/ui/preloadItems.js
[DEBUG] from resource zip => assets/Resources/app.js
[DEBUG] from resource zip => assets/Resources/appicon.png
[DEBUG] from resource zip => assets/Resources/db.js
[DEBUG] from resource zip => assets/Resources/default.png
[DEBUG] from resource zip => assets/Resources/mercado.sqlite
[DEBUG] from resource zip => assets/Resources/ti.cloud.js
[DEBUG] from resource zip => assets/app.json
[DEBUG] from resource zip => assets/index.json
[DEBUG] from resource zip => assets/tiapp.xml
[DEBUG] from resource zip => res/drawable/appicon.png
[DEBUG] from resource zip => res/drawable/background.png
[DEBUG] from resource zip => res/drawable/close.png
[DEBUG] from resource zip => res/drawable/facebook_login.png
[DEBUG] from resource zip => res/drawable/facebook_login_down.png
[DEBUG] from resource zip => res/drawable/facebook_login_wide.png
[DEBUG] from resource zip => res/drawable/facebook_login_wide_down.png
[DEBUG] from resource zip => res/drawable/facebook_logout.png
[DEBUG] from resource zip => res/drawable/facebook_logout_down.png
[DEBUG] from resource zip => res/drawable/mercado.png
[DEBUG] from resource zip => res/layout/titanium_tabgroup.xml
[DEBUG] from resource zip => res/xml/dev_preferences.xml
[DEBUG] from resource zip => res/xml/preferences.xml
[DEBUG] from resource zip => AndroidManifest.xml
[DEBUG] from resource zip => resources.arsc
[DEBUG] from resource zip => res/drawable-hdpi/close.png
[DEBUG] from resource zip => res/drawable-ldpi/close.png
[DEBUG] from resource zip => res/drawable-long-land-hdpi/background.png
[DEBUG] from resource zip => res/drawable-long-land-ldpi/background.png
[DEBUG] from resource zip => res/drawable-long-port-hdpi/background.png
[DEBUG] from resource zip => res/drawable-long-port-ldpi/background.png
[DEBUG] from resource zip => res/drawable-notlong-land-hdpi/background.png
[DEBUG] from resource zip => res/drawable-notlong-land-ldpi/background.png
[DEBUG] from resource zip => res/drawable-notlong-land-mdpi/background.png
[DEBUG] from resource zip => res/drawable-notlong-port-hdpi/background.png
[DEBUG] from resource zip => res/drawable-notlong-port-ldpi/background.png
[DEBUG] from resource zip => res/drawable-notlong-port-mdpi/background.png
[DEBUG] from JAR C:\Users\Jms\AppData\Roaming\Titanium\mobilesdk\win32\2.1.2.GA\android\js.jar => org/mozilla/javascript/resources/Messages.properties
[DEBUG] from JAR C:\Users\Jms\AppData\Roaming\Titanium\mobilesdk\win32\2.1.2.GA\android\js.jar => org/mozilla/javascript/resources/Messages_fr.properties
[DEBUG] from JAR C:\Users\Jms\AppData\Roaming\Titanium\mobilesdk\win32\2.1.2.GA\android\js.jar => org/mozilla/javascript/tools/resources/Messages.properties
[DEBUG] from JAR C:\Users\Jms\AppData\Roaming\Titanium\mobilesdk\win32\2.1.2.GA\android\modules\titanium-ui.jar => ti/modules/titanium/ui/widget/webview/binding.js
[DEBUG] from JAR C:\Users\Jms\AppData\Roaming\Titanium\mobilesdk\win32\2.1.2.GA\android\modules\titanium-ui.jar => ti/modules/titanium/ui/widget/webview/binding.min.js
[DEBUG] from JAR C:\Users\Jms\AppData\Roaming\Titanium\mobilesdk\win32\2.1.2.GA\android\modules\titanium-ui.jar => ti/modules/titanium/ui/widget/webview/json2.js
[DEBUG] from JAR C:\Users\Jms\AppData\Roaming\Titanium\mobilesdk\win32\2.1.2.GA\android\modules\titanium-ui.jar => ti/modules/titanium/ui/widget/webview/polling.js
[DEBUG] from JAR C:\Users\Jms\AppData\Roaming\Titanium\mobilesdk\win32\2.1.2.GA\android\modules\titanium-ui.jar => ti/modules/titanium/ui/widget/webview/polling.min.js
[DEBUG] from JAR C:\Users\Jms\AppData\Roaming\Titanium\mobilesdk\win32\2.1.2.GA\android\modules\titanium-facebook.jar => ti/modules/titanium/facebook/LICENSE
[DEBUG] from JAR C:\Users\Jms\AppData\Roaming\Titanium\mobilesdk\win32\2.1.2.GA\android\titanium.jar => org/appcelerator/titanium/build.properties
[DEBUG] from JAR C:\Users\Jms\AppData\Roaming\Titanium\mobilesdk\win32\2.1.2.GA\android\titanium.jar => org/appcelerator/titanium/res/drawable/background.png
[DEBUG] from JAR C:\Users\Jms\AppData\Roaming\Titanium\mobilesdk\win32\2.1.2.GA\android\titanium.jar => org/appcelerator/titanium/res/drawable/btn_check_buttonless_on.png
[DEBUG] from JAR C:\Users\Jms\AppData\Roaming\Titanium\mobilesdk\win32\2.1.2.GA\android\titanium.jar => org/appcelerator/titanium/res/drawable/btn_check_buttonless_on_18.png
[DEBUG] from JAR C:\Users\Jms\AppData\Roaming\Titanium\mobilesdk\win32\2.1.2.GA\android\titanium.jar => org/appcelerator/titanium/res/drawable/btn_check_buttonless_on_48.png
[DEBUG] from JAR C:\Users\Jms\AppData\Roaming\Titanium\mobilesdk\win32\2.1.2.GA\android\titanium.jar => org/appcelerator/titanium/res/drawable/btn_more.png
[DEBUG] from JAR C:\Users\Jms\AppData\Roaming\Titanium\mobilesdk\win32\2.1.2.GA\android\titanium.jar => org/appcelerator/titanium/res/drawable/btn_more_18.png
[DEBUG] from JAR C:\Users\Jms\AppData\Roaming\Titanium\mobilesdk\win32\2.1.2.GA\android\titanium.jar => org/appcelerator/titanium/res/drawable/btn_more_48.png
[DEBUG] from JAR C:\Users\Jms\AppData\Roaming\Titanium\mobilesdk\win32\2.1.2.GA\android\titanium.jar => org/appcelerator/titanium/res/drawable/btn_picker_normal.9.png
[DEBUG] from JAR C:\Users\Jms\AppData\Roaming\Titanium\mobilesdk\win32\2.1.2.GA\android\titanium.jar => org/appcelerator/titanium/res/drawable/btn_picker_pressed.9.png
[DEBUG] from JAR C:\Users\Jms\AppData\Roaming\Titanium\mobilesdk\win32\2.1.2.GA\android\titanium.jar => org/appcelerator/titanium/res/drawable/btn_picker_selected.9.png
[DEBUG] from JAR C:\Users\Jms\AppData\Roaming\Titanium\mobilesdk\win32\2.1.2.GA\android\titanium.jar => org/appcelerator/titanium/res/drawable/default_icon.png
[DEBUG] from JAR C:\Users\Jms\AppData\Roaming\Titanium\mobilesdk\win32\2.1.2.GA\android\titanium.jar => org/appcelerator/titanium/res/drawable/photoDefault.png
[DEBUG] from JAR C:\Users\Jms\AppData\Roaming\Titanium\mobilesdk\win32\2.1.2.GA\android\thirdparty.jar => org/apache/Commons-NOTICE.txt
[DEBUG] from JAR C:\Users\Jms\AppData\Roaming\Titanium\mobilesdk\win32\2.1.2.GA\android\thirdparty.jar => org/apache/HttpComponents-NOTICE.txt
[DEBUG] from JAR C:\Users\Jms\AppData\Roaming\Titanium\mobilesdk\win32\2.1.2.GA\android\thirdparty.jar => org/apache/mime4j-NOTICE.txt
[DEBUG] installing native SDK libs
[DEBUG] Waiting for device to be ready ...
[TRACE] adb devices returned 1 devices/emulators
[TRACE] adb devices returned 1 devices/emulators
[TRACE] adb devices returned 1 devices/emulators
[TRACE] adb devices returned 1 devices/emulators
[TRACE] adb devices returned 1 devices/emulators
[TRACE] adb devices returned 1 devices/emulators
[TRACE] adb devices returned 1 devices/emulators
[TRACE] adb devices returned 1 devices/emulators
[TRACE] adb devices returned 1 devices/emulators
[TRACE] adb devices returned 1 devices/emulators
[TRACE] adb devices returned 1 devices/emulators
[TRACE] adb devices returned 1 devices/emulators
[TRACE] adb devices returned 1 devices/emulators
[TRACE] adb devices returned 1 devices/emulators
[TRACE] adb devices returned 1 devices/emulators
[TRACE] adb devices returned 1 devices/emulators
[TRACE] adb devices returned 1 devices/emulators
[TRACE] adb devices returned 1 devices/emulators
[TRACE] adb devices returned 1 devices/emulators
[TRACE] adb devices returned 1 devices/emulators
[TRACE] adb devices returned 1 devices/emulators
[TRACE] adb devices returned 1 devices/emulators
[TRACE] adb devices returned 1 devices/emulators
[TRACE] adb devices returned 1 devices/emulators
[TRACE] adb devices returned 1 devices/emulators
[TRACE] adb devices returned 1 devices/emulators
[TRACE] adb devices returned 1 devices/emulators
[TRACE] adb devices returned 1 devices/emulators
[TRACE] adb devices returned 1 devices/emulators
[TRACE] adb devices returned 1 devices/emulators
[ERROR] Timed out waiting for emulator to be ready, you may need to close the emulator and try again
[INFO] Installing application on emulator
